<?xml version="1.0" encoding="UTF-8"?>
<!-- Generated by org.testng.reporters.JUnitXMLReporter -->
<testsuite ignored="2" hostname="DESKTOP-1CU3V42" failures="0" tests="1" name="Default test" time="12.119" errors="0" timestamp="2024-01-02T18:56:44 EET">
  <testcase classname="appiumTests.Testappium" name="ClickOnEvenNumber" time="12.085"/>
  <testcase classname="appiumTests.Testappium" name="ClickAllButtons" time="0.0">
    <ignored/>
  </testcase> <!-- ClickAllButtons -->
  <testcase classname="appiumTests.Testappium" name="Mult" time="0.0">
    <ignored/>
  </testcase> <!-- Mult -->
</testsuite> <!-- Default test -->
