<?xml version="1.0" encoding="UTF-8"?>
<testng-results ignored="2" total="3" passed="1" failed="0" skipped="0">
  <reporter-output>
  </reporter-output>
  <suite started-at="2024-01-02T18:56:32 EET" name="Default suite" finished-at="2024-01-02T18:56:44 EET" duration-ms="12119">
    <groups>
    </groups>
    <test started-at="2024-01-02T18:56:32 EET" name="Default test" finished-at="2024-01-02T18:56:44 EET" duration-ms="12119">
      <class name="appiumTests.Testappium">
        <test-method is-config="true" signature="setup()[pri:0, instance:appiumTests.Testappium@57a3af25]" started-at="2024-01-02T18:56:32 EET" name="setup" finished-at="2024-01-02T18:56:32 EET" duration-ms="11" status="PASS">
          <reporter-output>
          </reporter-output>
        </test-method> <!-- setup -->
        <test-method signature="ClickOnEvenNumber()[pri:0, instance:appiumTests.Testappium@57a3af25]" started-at="2024-01-02T18:56:32 EET" name="ClickOnEvenNumber" finished-at="2024-01-02T18:56:44 EET" duration-ms="12085" status="PASS">
          <reporter-output>
          </reporter-output>
        </test-method> <!-- ClickOnEvenNumber -->
        <test-method is-config="true" signature="posttesting()[pri:0, instance:appiumTests.Testappium@57a3af25]" started-at="2024-01-02T18:56:44 EET" name="posttesting" finished-at="2024-01-02T18:56:44 EET" duration-ms="1" status="PASS">
          <reporter-output>
          </reporter-output>
        </test-method> <!-- posttesting -->
      </class> <!-- appiumTests.Testappium -->
    </test> <!-- Default test -->
  </suite> <!-- Default suite -->
</testng-results>
